#
# A fatal error has been detected by the Java Runtime Environment:
#
#  SIGSEGV (0xb) at pc=0x00007f6b920b8036, pid=16350, tid=0x00007f6b73dfd700
#
# JRE version: OpenJDK Runtime Environment (8.0_275-b01) (build 1.8.0_275-8u275-b01-0ubuntu1~18.04-b01)
# Java VM: OpenJDK 64-Bit Server VM (25.275-b01 mixed mode linux-amd64 compressed oops)
# Problematic frame:
# V  [libjvm.so+0xa73036]
#
# Failed to write core dump. Core dumps have been disabled. To enable core dumping, try "ulimit -c unlimited" before starting Java again
#
# If you would like to submit a bug report, please visit:
#   http://bugreport.java.com/bugreport/crash.jsp
#

---------------  T H R E A D  ---------------

Current thread (0x00007f6b8c087000):  VMThread [stack: 0x00007f6b73cfe000,0x00007f6b73dfe000] [id=16365]

siginfo: si_signo: 11 (SIGSEGV), si_code: 1 (SEGV_MAPERR), si_addr: 0x0000000000000008

Registers:
RAX=0x0000000000000000, RBX=0x00007f6b73dfb970, RCX=0x0000000000000000, RDX=0x0000000000000000
RSP=0x00007f6b73dfb800, RBP=0x00007f6b73dfb920, RSI=0x0000000000000028, RDI=0x00007f6b73dfb970
R8 =0x0000000000000009, R9 =0x0000000000000001, R10=0x0000000046000000, R11=0x00000000cfffff01
R12=0x00007f6b73dfb9a0, R13=0x00007f6b73dfb970, R14=0x0000000000000000, R15=0x0000000000000009
RIP=0x00007f6b920b8036, EFLAGS=0x0000000000010246, CSGSFS=0x002b000000000033, ERR=0x0000000000000004
  TRAPNO=0x000000000000000e

Top of Stack: (sp=0x00007f6b73dfb800)
0x00007f6b73dfb800:   0000000000000000 0000000000000000
0x00007f6b73dfb810:   00000006c7ce16b0 00000006c7ce1718
0x00007f6b73dfb820:   00000006c7ce1780 00000006c7ce17e8
0x00007f6b73dfb830:   00000006c7ce1850 00000006c7ce18b8
0x00007f6b73dfb840:   00000006c7ce1920 00000006c7ce1988
0x00007f6b73dfb850:   00007f6b934f2960 00007f6b934f2960
0x00007f6b73dfb860:   00000006c7ce1ac8 00000006c7ce1b30
0x00007f6b73dfb870:   00000006c7ce1ba0 00000006c7ce1c08
0x00007f6b73dfb880:   00000006c7ce1c78 00000006c7ce1c78
0x00007f6b73dfb890:   00000006c7ce1ce0 00000006c7ce1d48
0x00007f6b73dfb8a0:   00000006c7ce1db0 00000006c7ce1e18
0x00007f6b73dfb8b0:   00000006c7ce1e80 00000006c7ce1ee8
0x00007f6b73dfb8c0:   00000006c7ce1f58 00000006c7ce2038
0x00007f6b73dfb8d0:   00000006c7ce20a0 00000006c7ce2108
0x00007f6b73dfb8e0:   00000006c7ce2170 00000006c7ce1fc0
0x00007f6b73dfb8f0:   00000006c7ce21d8 00000006c7ce2250
0x00007f6b73dfb900:   00007f6b73dfb920 f8b591db30db9b00
0x00007f6b73dfb910:   00000006c7ce2390 0000000000000001
0x00007f6b73dfb920:   00007f6b73dfb950 00007f6b920b8494
0x00007f6b73dfb930:   00007f6b73dfc0a0 00007f6b73dfb9a0
0x00007f6b73dfb940:   00007f6b73dfb970 0000000000000000
0x00007f6b73dfb950:   00007f6b73dfbdf0 00007f6b91c42431
0x00007f6b73dfb960:   00000006c7ce27a0 00000006c7ce2808
0x00007f6b73dfb970:   00007f6b925be2b0 0000000000000000
0x00007f6b73dfb980:   0000000000000000 000000060000000e
0x00007f6b73dfb990:   00007f6b73dfb9a0 0000000600000000
0x00007f6b73dfb9a0:   0000000000000000 00000006c7ce2af0
0x00007f6b73dfb9b0:   000000064fffffff 00000006c7ce2bc0
0x00007f6b73dfb9c0:   00000006c7ce2c30 00000006c7ce2c98
0x00007f6b73dfb9d0:   00000006c7ce2d00 00000006c7ce2d68
0x00007f6b73dfb9e0:   00000006c7ce2dd0 00000006c7ce2e38
0x00007f6b73dfb9f0:   00000006c7ce2ea0 00000006c7ce2f08 

Instructions: (pc=0x00007f6b920b8036)
0x00007f6b920b8016:   89 fb 48 81 ec 18 01 00 00 48 63 57 10 48 8b 4f
0x00007f6b920b8026:   08 64 48 8b 04 25 28 00 00 00 48 89 45 e8 31 c0
0x00007f6b920b8036:   40 3a 74 11 08 48 89 d0 74 39 40 0f be d6 48 8d
0x00007f6b920b8046:   bd e0 fe ff ff 48 8d 35 e6 32 18 00 31 c0 e8 77 

Register to memory mapping:

RAX=0x0000000000000000 is an unknown value
RBX=0x00007f6b73dfb970 is an unknown value
RCX=0x0000000000000000 is an unknown value
RDX=0x0000000000000000 is an unknown value
RSP=0x00007f6b73dfb800 is an unknown value
RBP=0x00007f6b73dfb920 is an unknown value
RSI=0x0000000000000028 is an unknown value
RDI=0x00007f6b73dfb970 is an unknown value
R8 =0x0000000000000009 is an unknown value
R9 =0x0000000000000001 is an unknown value
R10=0x0000000046000000 is an unknown value
R11=0x00000000cfffff01 is an unknown value
R12=0x00007f6b73dfb9a0 is an unknown value
R13=0x00007f6b73dfb970 is an unknown value
R14=0x0000000000000000 is an unknown value
R15=0x0000000000000009 is an unknown value


Stack: [0x00007f6b73cfe000,0x00007f6b73dfe000],  sp=0x00007f6b73dfb800,  free space=1014k
Native frames: (J=compiled Java code, j=interpreted, Vv=VM code, C=native code)
V  [libjvm.so+0xa73036]
V  [libjvm.so+0xa73494]
V  [libjvm.so+0x5fd431]
V  [libjvm.so+0x5fee83]
V  [libjvm.so+0x602fad]
V  [libjvm.so+0x6033ab]
V  [libjvm.so+0x97fa8f]
V  [libjvm.so+0x9817e8]
V  [libjvm.so+0x982747]
V  [libjvm.so+0x983006]
V  [libjvm.so+0x6673b2]
V  [libjvm.so+0x907310]
V  [libjvm.so+0x7ec1e9]
V  [libjvm.so+0xb73816]
V  [libjvm.so+0xb71559]
V  [libjvm.so+0xb71a6b]
V  [libjvm.so+0xb71ea8]
V  [libjvm.so+0x98eb62]

VM_Operation (0x00007f6b737f3950): GetOrSetLocal, mode: safepoint, requested by thread 0x00007f6b8c0da000


---------------  P R O C E S S  ---------------

Java Threads: ( => current thread )
  0x00007f6b8c3b4000 JavaThread "Okio Watchdog" daemon [_thread_blocked, id=16579, stack(0x00007f6b7117f000,0x00007f6b71280000)]
  0x00007f6b8c3b1800 JavaThread "OkHttp ConnectionPool" daemon [_thread_blocked, id=16576, stack(0x00007f6b71280000,0x00007f6b71381000)]
  0x00007f6b0c018000 JavaThread "Exec Stream Pumper" daemon [_thread_in_native, id=16569, stack(0x00007f6b71682000,0x00007f6b71783000)]
  0x00007f6b0c017000 JavaThread "Exec Stream Pumper" daemon [_thread_in_native, id=16568, stack(0x00007f6b71783000,0x00007f6b71884000)]
  0x00007f6b0c012000 JavaThread "process reaper" daemon [_thread_in_native, id=16567, stack(0x00007f6b71884000,0x00007f6b718bd000)]
  0x00007f6b8c961800 JavaThread "Exec Default Executor" daemon [_thread_blocked, id=16560, stack(0x00007f6b71bbe000,0x00007f6b71cbf000)]
  0x00007f6b8c4d7000 JavaThread "ReaderThread" [_thread_in_native, id=16386, stack(0x00007f6b72712000,0x00007f6b72813000)]
  0x00007f6b8c0eb800 JavaThread "Service Thread" daemon [_thread_blocked, id=16383, stack(0x00007f6b72fed000,0x00007f6b730ee000)]
  0x00007f6b8c0e8000 JavaThread "C1 CompilerThread3" daemon [_thread_blocked, id=16382, stack(0x00007f6b730ef000,0x00007f6b731ef000)]
  0x00007f6b8c0e6000 JavaThread "C2 CompilerThread2" daemon [_thread_blocked, id=16381, stack(0x00007f6b731f0000,0x00007f6b732f0000)]
  0x00007f6b8c0e4000 JavaThread "C2 CompilerThread1" daemon [_thread_blocked, id=16380, stack(0x00007f6b732f1000,0x00007f6b733f1000)]
  0x00007f6b8c0e1000 JavaThread "C2 CompilerThread0" daemon [_thread_blocked, id=16379, stack(0x00007f6b733f2000,0x00007f6b734f2000)]
  0x00007f6b34001000 JavaThread "JDWP Command Reader" daemon [_thread_in_native, id=16375, stack(0x00007f6b734f2000,0x00007f6b735f3000)]
  0x00007f6b8c0dd800 JavaThread "JDWP Event Helper Thread" daemon [_thread_blocked, id=16373, stack(0x00007f6b735f3000,0x00007f6b736f4000)]
  0x00007f6b8c0da000 JavaThread "JDWP Transport Listener: dt_socket" daemon [_thread_blocked, id=16371, stack(0x00007f6b736f4000,0x00007f6b737f5000)]
  0x00007f6b8c0c1800 JavaThread "Signal Dispatcher" daemon [_thread_blocked, id=16369, stack(0x00007f6b739fa000,0x00007f6b73afb000)]
  0x00007f6b8c095000 JavaThread "Finalizer" daemon [_thread_blocked, id=16367, stack(0x00007f6b73afb000,0x00007f6b73bfc000)]
  0x00007f6b8c090800 JavaThread "Reference Handler" daemon [_thread_blocked, id=16366, stack(0x00007f6b73bfc000,0x00007f6b73cfd000)]
  0x00007f6b8c010800 JavaThread "main" [_thread_blocked, id=16356, stack(0x00007f6b933f4000,0x00007f6b934f4000)]

Other Threads:
=>0x00007f6b8c087000 VMThread [stack: 0x00007f6b73cfe000,0x00007f6b73dfe000] [id=16365]
  0x00007f6b8c0ee000 WatcherThread [stack: 0x00007f6b72eed000,0x00007f6b72fed000] [id=16384]

VM state:at safepoint (normal execution)

VM Mutex/Monitor currently owned by a thread:  ([mutex/lock_event])
[0x00007f6b8c00ca50] Threads_lock - owner thread: 0x00007f6b8c087000

heap address: 0x00000006c7c00000, size: 3972 MB, Compressed Oops mode: Zero based, Oop shift amount: 3
Narrow klass base: 0x0000000000000000, Narrow klass shift: 3
Compressed class space size: 1073741824 Address: 0x00000007c0000000

Heap:
 PSYoungGen      total 74752K, used 13190K [0x000000076d400000, 0x0000000772700000, 0x00000007c0000000)
  eden space 64512K, 20% used [0x000000076d400000,0x000000076e0e1af8,0x0000000771300000)
  from space 10240K, 0% used [0x0000000771d00000,0x0000000771d00000,0x0000000772700000)
  to   space 10240K, 0% used [0x0000000771300000,0x0000000771300000,0x0000000771d00000)
 ParOldGen       total 75264K, used 9196K [0x00000006c7c00000, 0x00000006cc580000, 0x000000076d400000)
  object space 75264K, 12% used [0x00000006c7c00000,0x00000006c84fb158,0x00000006cc580000)
 Metaspace       used 22115K, capacity 22586K, committed 22784K, reserved 1069056K
  class space    used 2845K, capacity 3019K, committed 3072K, reserved 1048576K

Card table byte_map: [0x00007f6b7b95e000,0x00007f6b7c121000] byte_map_base: 0x00007f6b78320000

Marking Bits: (ParMarkBitMap*) 0x00007f6b92687680
 Begin Bits: [0x00007f6b4c3e0000, 0x00007f6b501f0000)
 End Bits:   [0x00007f6b501f0000, 0x00007f6b54000000)

Polling page: 0x00007f6b93508000

CodeCache: size=245760Kb used=3027Kb max_used=3027Kb free=242732Kb
 bounds [0x00007f6b7c4e1000, 0x00007f6b7c7e1000, 0x00007f6b8b4e1000]
 total_blobs=1156 nmethods=723 adapters=355
 compilation: enabled

Compilation events (10 events):
Event: 3.908 Thread 0x00007f6b8c0e8000  659       3       java.util.HashMap$HashIterator::<init> (79 bytes)
Event: 3.909 Thread 0x00007f6b8c0e8000 nmethod 659 0x00007f6b7c7bec10 code [0x00007f6b7c7bed80, 0x00007f6b7c7bf110]
Event: 3.910 Thread 0x00007f6b8c0e6000  660       4       java.lang.CharacterDataLatin1::toUpperCase (53 bytes)
Event: 3.911 Thread 0x00007f6b8c0e6000 nmethod 660 0x00007f6b7c7bd410 code [0x00007f6b7c7bd560, 0x00007f6b7c7bd658]
Event: 3.912 Thread 0x00007f6b8c0e8000  661       3       org.testng.collections.Lists::newArrayList (8 bytes)
Event: 3.912 Thread 0x00007f6b8c0e8000 nmethod 661 0x00007f6b7c7bcdd0 code [0x00007f6b7c7bcf60, 0x00007f6b7c7bd290]
Event: 3.913 Thread 0x00007f6b8c0e8000  662       3       java.lang.reflect.Proxy::getInvocationHandler (67 bytes)
Event: 3.916 Thread 0x00007f6b8c0e8000 nmethod 662 0x00007f6b7c7c1a10 code [0x00007f6b7c7c1e00, 0x00007f6b7c7c43a8]
Event: 3.916 Thread 0x00007f6b8c0e8000  663       3       java.lang.ClassLoader::preDefineClass (109 bytes)
Event: 3.918 Thread 0x00007f6b8c0e8000 nmethod 663 0x00007f6b7c7c5b10 code [0x00007f6b7c7c5e00, 0x00007f6b7c7c7388]

GC Heap History (6 events):
Event: 36.764 GC heap before
{Heap before GC invocations=1 (full 0):
 PSYoungGen      total 74752K, used 64512K [0x000000076d400000, 0x0000000772700000, 0x00000007c0000000)
  eden space 64512K, 100% used [0x000000076d400000,0x0000000771300000,0x0000000771300000)
  from space 10240K, 0% used [0x0000000771d00000,0x0000000771d00000,0x0000000772700000)
  to   space 10240K, 0% used [0x0000000771300000,0x0000000771300000,0x0000000771d00000)
 ParOldGen       total 171008K, used 0K [0x00000006c7c00000, 0x00000006d2300000, 0x000000076d400000)
  object space 171008K, 0% used [0x00000006c7c00000,0x00000006c7c00000,0x00000006d2300000)
 Metaspace       used 15595K, capacity 15702K, committed 15872K, reserved 1062912K
  class space    used 1925K, capacity 1945K, committed 2048K, reserved 1048576K
Event: 36.774 GC heap after
Heap after GC invocations=1 (full 0):
 PSYoungGen      total 74752K, used 10211K [0x000000076d400000, 0x0000000772700000, 0x00000007c0000000)
  eden space 64512K, 0% used [0x000000076d400000,0x000000076d400000,0x0000000771300000)
  from space 10240K, 99% used [0x0000000771300000,0x0000000771cf8c88,0x0000000771d00000)
  to   space 10240K, 0% used [0x0000000771d00000,0x0000000771d00000,0x0000000772700000)
 ParOldGen       total 171008K, used 1118K [0x00000006c7c00000, 0x00000006d2300000, 0x000000076d400000)
  object space 171008K, 0% used [0x00000006c7c00000,0x00000006c7d17b00,0x00000006d2300000)
 Metaspace       used 15595K, capacity 15702K, committed 15872K, reserved 1062912K
  class space    used 1925K, capacity 1945K, committed 2048K, reserved 1048576K
}
Event: 38.424 GC heap before
{Heap before GC invocations=2 (full 0):
 PSYoungGen      total 74752K, used 38712K [0x000000076d400000, 0x0000000772700000, 0x00000007c0000000)
  eden space 64512K, 44% used [0x000000076d400000,0x000000076efd5668,0x0000000771300000)
  from space 10240K, 99% used [0x0000000771300000,0x0000000771cf8c88,0x0000000771d00000)
  to   space 10240K, 0% used [0x0000000771d00000,0x0000000771d00000,0x0000000772700000)
 ParOldGen       total 171008K, used 1118K [0x00000006c7c00000, 0x00000006d2300000, 0x000000076d400000)
  object space 171008K, 0% used [0x00000006c7c00000,0x00000006c7d17b00,0x00000006d2300000)
 Metaspace       used 20776K, capacity 21234K, committed 21248K, reserved 1067008K
  class space    used 2646K, capacity 2809K, committed 2816K, reserved 1048576K
Event: 38.433 GC heap after
Heap after GC invocations=2 (full 0):
 PSYoungGen      total 74752K, used 9411K [0x000000076d400000, 0x0000000772700000, 0x00000007c0000000)
  eden space 64512K, 0% used [0x000000076d400000,0x000000076d400000,0x0000000771300000)
  from space 10240K, 91% used [0x0000000771d00000,0x0000000772630cd8,0x0000000772700000)
  to   space 10240K, 0% used [0x0000000771300000,0x0000000771300000,0x0000000771d00000)
 ParOldGen       total 171008K, used 1126K [0x00000006c7c00000, 0x00000006d2300000, 0x000000076d400000)
  object space 171008K, 0% used [0x00000006c7c00000,0x00000006c7d19b00,0x00000006d2300000)
 Metaspace       used 20776K, capacity 21234K, committed 21248K, reserved 1067008K
  class space    used 2646K, capacity 2809K, committed 2816K, reserved 1048576K
}
Event: 38.433 GC heap before
{Heap before GC invocations=3 (full 1):
 PSYoungGen      total 74752K, used 9411K [0x000000076d400000, 0x0000000772700000, 0x00000007c0000000)
  eden space 64512K, 0% used [0x000000076d400000,0x000000076d400000,0x0000000771300000)
  from space 10240K, 91% used [0x0000000771d00000,0x0000000772630cd8,0x0000000772700000)
  to   space 10240K, 0% used [0x0000000771300000,0x0000000771300000,0x0000000771d00000)
 ParOldGen       total 171008K, used 1126K [0x00000006c7c00000, 0x00000006d2300000, 0x000000076d400000)
  object space 171008K, 0% used [0x00000006c7c00000,0x00000006c7d19b00,0x00000006d2300000)
 Metaspace       used 20776K, capacity 21234K, committed 21248K, reserved 1067008K
  class space    used 2646K, capacity 2809K, committed 2816K, reserved 1048576K
Event: 38.467 GC heap after
Heap after GC invocations=3 (full 1):
 PSYoungGen      total 74752K, used 0K [0x000000076d400000, 0x0000000772700000, 0x00000007c0000000)
  eden space 64512K, 0% used [0x000000076d400000,0x000000076d400000,0x0000000771300000)
  from space 10240K, 0% used [0x0000000771d00000,0x0000000771d00000,0x0000000772700000)
  to   space 10240K, 0% used [0x0000000771300000,0x0000000771300000,0x0000000771d00000)
 ParOldGen       total 75264K, used 9196K [0x00000006c7c00000, 0x00000006cc580000, 0x000000076d400000)
  object space 75264K, 12% used [0x00000006c7c00000,0x00000006c84fb158,0x00000006cc580000)
 Metaspace       used 20764K, capacity 21212K, committed 21248K, reserved 1067008K
  class space    used 2641K, capacity 2800K, committed 2816K, reserved 1048576K
}

Deoptimization events (10 events):
Event: 0.833 Thread 0x00007f6b8c010800 Uncommon trap: reason=range_check action=none pc=0x00007f6b7c7744ec method=sun.reflect.generics.parser.SignatureParser.current()C @ 34
Event: 0.833 Thread 0x00007f6b8c010800 Uncommon trap: reason=range_check action=none pc=0x00007f6b7c7744ec method=sun.reflect.generics.parser.SignatureParser.current()C @ 34
Event: 0.833 Thread 0x00007f6b8c010800 Uncommon trap: reason=range_check action=none pc=0x00007f6b7c7744ec method=sun.reflect.generics.parser.SignatureParser.current()C @ 34
Event: 0.834 Thread 0x00007f6b8c010800 Uncommon trap: reason=range_check action=none pc=0x00007f6b7c7744ec method=sun.reflect.generics.parser.SignatureParser.current()C @ 34
Event: 0.834 Thread 0x00007f6b8c010800 Uncommon trap: reason=range_check action=none pc=0x00007f6b7c7744ec method=sun.reflect.generics.parser.SignatureParser.current()C @ 34
Event: 0.835 Thread 0x00007f6b8c010800 Uncommon trap: reason=range_check action=none pc=0x00007f6b7c7744ec method=sun.reflect.generics.parser.SignatureParser.current()C @ 34
Event: 0.840 Thread 0x00007f6b8c010800 Uncommon trap: reason=range_check action=none pc=0x00007f6b7c7744ec method=sun.reflect.generics.parser.SignatureParser.current()C @ 34
Event: 0.840 Thread 0x00007f6b8c010800 Uncommon trap: reason=range_check action=none pc=0x00007f6b7c7744ec method=sun.reflect.generics.parser.SignatureParser.current()C @ 34
Event: 0.881 Thread 0x00007f6b8c010800 Uncommon trap: reason=range_check action=none pc=0x00007f6b7c7744ec method=sun.reflect.generics.parser.SignatureParser.current()C @ 34
Event: 0.882 Thread 0x00007f6b8c010800 Uncommon trap: reason=range_check action=none pc=0x00007f6b7c7744ec method=sun.reflect.generics.parser.SignatureParser.current()C @ 34

Classes redefined (2 events):
Event: 314.454 Thread 0x00007f6b8c087000 redefined class name=com.selenium.DataDriven.testcases.LoginTestCase1, count=1
Event: 415.246 Thread 0x00007f6b8c087000 redefined class name=com.selenium.DataDriven.testcases.LoginTestCase1, count=2

Internal exceptions (10 events):
Event: 38.199 Thread 0x00007f6b8c010800 Exception <a 'java/lang/NoSuchMethodError': java.lang.Object.lambda$or$2(Ljava/util/function/Predicate;Ljava/lang/Object;)Z> (0x000000076eacebd8) thrown at [/build/openjdk-8-ElpxQ7/openjdk-8-8u275-b01/src/hotspot/src/share/vm/interpreter/linkResolver.cpp,
Event: 41.231 Thread 0x00007f6b8c010800 Exception <a 'java/net/SocketTimeoutException': Read timed out> (0x000000076dd67f80) thrown at [/build/openjdk-8-ElpxQ7/openjdk-8-8u275-b01/src/hotspot/src/share/vm/prims/jni.cpp, line 738]
Event: 41.252 Thread 0x00007f6b8c010800 Exception <a 'java/net/SocketTimeoutException': Read timed out> (0x000000076dd82cc8) thrown at [/build/openjdk-8-ElpxQ7/openjdk-8-8u275-b01/src/hotspot/src/share/vm/prims/jni.cpp, line 738]
Event: 45.346 Thread 0x00007f6b8c010800 Exception <a 'java/net/SocketTimeoutException': Read timed out> (0x000000076dd918e0) thrown at [/build/openjdk-8-ElpxQ7/openjdk-8-8u275-b01/src/hotspot/src/share/vm/prims/jni.cpp, line 738]
Event: 54.220 Thread 0x00007f6b8c010800 Exception <a 'java/net/SocketTimeoutException': Read timed out> (0x000000076dd9f0f0) thrown at [/build/openjdk-8-ElpxQ7/openjdk-8-8u275-b01/src/hotspot/src/share/vm/prims/jni.cpp, line 738]
Event: 66.373 Thread 0x00007f6b8c010800 Exception <a 'java/net/SocketTimeoutException': Read timed out> (0x000000076dde8000) thrown at [/build/openjdk-8-ElpxQ7/openjdk-8-8u275-b01/src/hotspot/src/share/vm/prims/jni.cpp, line 738]
Event: 74.674 Thread 0x00007f6b8c010800 Exception <a 'java/lang/NullPointerException'> (0x000000076de77a60) thrown at [/build/openjdk-8-ElpxQ7/openjdk-8-8u275-b01/src/hotspot/src/share/vm/interpreter/linkResolver.cpp, line 1185]
Event: 74.674 Thread 0x00007f6b8c010800 Exception <a 'java/lang/reflect/InvocationTargetException'> (0x000000076de77c68) thrown at [/build/openjdk-8-ElpxQ7/openjdk-8-8u275-b01/src/hotspot/src/share/vm/runtime/reflection.cpp, line 1092]
Event: 180.163 Thread 0x00007f6b8c010800 Exception <a 'java/lang/reflect/InvocationTargetException'> (0x000000076de9e600) thrown at [/build/openjdk-8-ElpxQ7/openjdk-8-8u275-b01/src/hotspot/src/share/vm/runtime/reflection.cpp, line 1092]
Event: 186.959 Thread 0x00007f6b8c010800 Exception <a 'java/lang/reflect/InvocationTargetException'> (0x000000076deb94b8) thrown at [/build/openjdk-8-ElpxQ7/openjdk-8-8u275-b01/src/hotspot/src/share/vm/runtime/reflection.cpp, line 1092]

Events (10 events):
Event: 415.437 Executing VM operation: ChangeBreakpoints done
Event: 415.545 Executing VM operation: ChangeBreakpoints
Event: 415.546 Executing VM operation: ChangeBreakpoints done
Event: 415.554 Executing VM operation: ChangeBreakpoints
Event: 415.554 Executing VM operation: ChangeBreakpoints done
Event: 415.691 Executing VM operation: GetOwnedMonitorInfo
Event: 415.691 Executing VM operation: GetOwnedMonitorInfo done
Event: 415.691 Executing VM operation: GetCurrentContendedMonitor
Event: 415.692 Executing VM operation: GetCurrentContendedMonitor done
Event: 415.694 Executing VM operation: GetOrSetLocal


Dynamic libraries:
6c7c00000-6cc580000 rw-p 00000000 00:00 0 
6cc580000-76d400000 ---p 00000000 00:00 0 
76d400000-772700000 rw-p 00000000 00:00 0 
772700000-7c0000000 ---p 00000000 00:00 0 
7c0000000-7c0300000 rw-p 00000000 00:00 0 
7c0300000-800000000 ---p 00000000 00:00 0 
560d69fee000-560d69fef000 r-xp 00000000 103:02 23463022                  /usr/lib/jvm/java-8-openjdk-amd64/jre/bin/java
560d6a1ee000-560d6a1ef000 r--p 00000000 103:02 23463022                  /usr/lib/jvm/java-8-openjdk-amd64/jre/bin/java
560d6a1ef000-560d6a1f0000 rw-p 00001000 103:02 23463022                  /usr/lib/jvm/java-8-openjdk-amd64/jre/bin/java
560d6ace3000-560d6ad04000 rw-p 00000000 00:00 0                          [heap]
7f6ae8000000-7f6ae8021000 rw-p 00000000 00:00 0 
7f6ae8021000-7f6aec000000 ---p 00000000 00:00 0 
7f6af0000000-7f6af0021000 rw-p 00000000 00:00 0 
7f6af0021000-7f6af4000000 ---p 00000000 00:00 0 
7f6af4000000-7f6af4021000 rw-p 00000000 00:00 0 
7f6af4021000-7f6af8000000 ---p 00000000 00:00 0 
7f6af8000000-7f6af8021000 rw-p 00000000 00:00 0 
7f6af8021000-7f6afc000000 ---p 00000000 00:00 0 
7f6afc000000-7f6afc021000 rw-p 00000000 00:00 0 
7f6afc021000-7f6b00000000 ---p 00000000 00:00 0 
7f6b00000000-7f6b00021000 rw-p 00000000 00:00 0 
7f6b00021000-7f6b04000000 ---p 00000000 00:00 0 
7f6b04000000-7f6b04021000 rw-p 00000000 00:00 0 
7f6b04021000-7f6b08000000 ---p 00000000 00:00 0 
7f6b08000000-7f6b08021000 rw-p 00000000 00:00 0 
7f6b08021000-7f6b0c000000 ---p 00000000 00:00 0 
7f6b0c000000-7f6b0c021000 rw-p 00000000 00:00 0 
7f6b0c021000-7f6b10000000 ---p 00000000 00:00 0 
7f6b10000000-7f6b10021000 rw-p 00000000 00:00 0 
7f6b10021000-7f6b14000000 ---p 00000000 00:00 0 
7f6b14000000-7f6b14021000 rw-p 00000000 00:00 0 
7f6b14021000-7f6b18000000 ---p 00000000 00:00 0 
7f6b18000000-7f6b18220000 rw-p 00000000 00:00 0 
7f6b18220000-7f6b1c000000 ---p 00000000 00:00 0 
7f6b1c000000-7f6b1c2a3000 rw-p 00000000 00:00 0 
7f6b1c2a3000-7f6b20000000 ---p 00000000 00:00 0 
7f6b20000000-7f6b202f3000 rw-p 00000000 00:00 0 
7f6b202f3000-7f6b24000000 ---p 00000000 00:00 0 
7f6b24000000-7f6b24271000 rw-p 00000000 00:00 0 
7f6b24271000-7f6b28000000 ---p 00000000 00:00 0 
7f6b28000000-7f6b28021000 rw-p 00000000 00:00 0 
7f6b28021000-7f6b2c000000 ---p 00000000 00:00 0 
7f6b2c000000-7f6b2c021000 rw-p 00000000 00:00 0 
7f6b2c021000-7f6b30000000 ---p 00000000 00:00 0 
7f6b30000000-7f6b30021000 rw-p 00000000 00:00 0 
7f6b30021000-7f6b34000000 ---p 00000000 00:00 0 
7f6b34000000-7f6b34122000 rw-p 00000000 00:00 0 
7f6b34122000-7f6b38000000 ---p 00000000 00:00 0 
7f6b38000000-7f6b38021000 rw-p 00000000 00:00 0 
7f6b38021000-7f6b3c000000 ---p 00000000 00:00 0 
7f6b3c000000-7f6b3c021000 rw-p 00000000 00:00 0 
7f6b3c021000-7f6b40000000 ---p 00000000 00:00 0 
7f6b40000000-7f6b40021000 rw-p 00000000 00:00 0 
7f6b40021000-7f6b44000000 ---p 00000000 00:00 0 
7f6b44000000-7f6b4405d000 rw-p 00000000 00:00 0 
7f6b4405d000-7f6b48000000 ---p 00000000 00:00 0 
7f6b48000000-7f6b48021000 rw-p 00000000 00:00 0 
7f6b48021000-7f6b4c000000 ---p 00000000 00:00 0 
7f6b4c3e0000-7f6b54000000 rw-p 00000000 00:00 0 
7f6b54000000-7f6b54021000 rw-p 00000000 00:00 0 
7f6b54021000-7f6b58000000 ---p 00000000 00:00 0 
7f6b58000000-7f6b58021000 rw-p 00000000 00:00 0 
7f6b58021000-7f6b5c000000 ---p 00000000 00:00 0 
7f6b5c000000-7f6b5c021000 rw-p 00000000 00:00 0 
7f6b5c021000-7f6b60000000 ---p 00000000 00:00 0 
7f6b64000000-7f6b64021000 rw-p 00000000 00:00 0 
7f6b64021000-7f6b68000000 ---p 00000000 00:00 0 
7f6b6c000000-7f6b6c021000 rw-p 00000000 00:00 0 
7f6b6c021000-7f6b70000000 ---p 00000000 00:00 0 
7f6b7117f000-7f6b71182000 ---p 00000000 00:00 0 
7f6b71182000-7f6b71280000 rw-p 00000000 00:00 0 
7f6b71280000-7f6b71283000 ---p 00000000 00:00 0 
7f6b71283000-7f6b714c1000 rw-p 00000000 00:00 0 
7f6b714c1000-7f6b71584000 ---p 00000000 00:00 0 
7f6b71584000-7f6b71682000 rw-p 00000000 00:00 0 
7f6b71682000-7f6b71685000 ---p 00000000 00:00 0 
7f6b71685000-7f6b71783000 rw-p 00000000 00:00 0 
7f6b71783000-7f6b71786000 ---p 00000000 00:00 0 
7f6b71786000-7f6b71884000 rw-p 00000000 00:00 0 
7f6b71884000-7f6b71887000 ---p 00000000 00:00 0 
7f6b71887000-7f6b718bd000 rw-p 00000000 00:00 0 
7f6b718bd000-7f6b718c0000 ---p 00000000 00:00 0 
7f6b718c0000-7f6b71bbe000 rw-p 00000000 00:00 0 
7f6b71bbe000-7f6b71bc1000 ---p 00000000 00:00 0 
7f6b71bc1000-7f6b71ebf000 rw-p 00000000 00:00 0 
7f6b71ebf000-7f6b71ee7000 r-xp 00000000 103:02 23464775                  /usr/lib/jvm/java-8-openjdk-amd64/jre/lib/amd64/libsunec.so
7f6b71ee7000-7f6b720e6000 ---p 00028000 103:02 23464775                  /usr/lib/jvm/java-8-openjdk-amd64/jre/lib/amd64/libsunec.so
7f6b720e6000-7f6b720ea000 r--p 00027000 103:02 23464775                  /usr/lib/jvm/java-8-openjdk-amd64/jre/lib/amd64/libsunec.so
7f6b720ea000-7f6b720eb000 rw-p 0002b000 103:02 23464775                  /usr/lib/jvm/java-8-openjdk-amd64/jre/lib/amd64/libsunec.so
7f6b720eb000-7f6b720ed000 r--s 00016000 103:02 23465179                  /usr/lib/jvm/java-8-openjdk-amd64/jre/lib/jce.jar
7f6b720ed000-7f6b722ed000 rw-p 00000000 00:00 0 
7f6b722ed000-7f6b724ed000 rw-p 00000000 00:00 0 
7f6b724ed000-7f6b72500000 r--s 0034b000 103:02 23465205                  /usr/lib/jvm/java-8-openjdk-amd64/jre/lib/resources.jar
7f6b72500000-7f6b72501000 r--s 00001000 103:02 26083844                  /tmp/poifiles/poi-ooxml--1450277899.tmp
7f6b72501000-7f6b72701000 rw-p 00000000 00:00 0 
7f6b72701000-7f6b72712000 r--s 001bc000 103:02 23465200                  /usr/lib/jvm/java-8-openjdk-amd64/jre/lib/jsse.jar
7f6b72712000-7f6b72715000 ---p 00000000 00:00 0 
7f6b72715000-7f6b72813000 rw-p 00000000 00:00 0 
7f6b72813000-7f6b72825000 r--s 0030c000 103:02 8390845                   /home/aknandigam/.m2/repository/net/sf/saxon/saxon/8.7/saxon-8.7.jar
7f6b72825000-7f6b72828000 r--s 00013000 103:02 8390844                   /home/aknandigam/.m2/repository/commons-io/commons-io/1.3.2/commons-io-1.3.2.jar
7f6b72828000-7f6b72836000 r--s 0007f000 103:02 8390837                   /home/aknandigam/.m2/repository/commons-collections/commons-collections/3.2.1/commons-collections-3.2.1.jar
7f6b72836000-7f6b7283a000 r--s 00020000 103:02 8390836                   /home/aknandigam/.m2/repository/commons-digester/commons-digester/1.8.1/commons-digester-1.8.1.jar
7f6b7283a000-7f6b7283f000 r--s 00034000 103:02 8390833                   /home/aknandigam/.m2/repository/commons-beanutils/commons-beanutils/1.8.3/commons-beanutils-1.8.3.jar
7f6b7283f000-7f6b72843000 r--s 0002b000 103:02 8390832                   /home/aknandigam/.m2/repository/commons-validator/commons-validator/1.4.1/commons-validator-1.4.1.jar
7f6b72843000-7f6b72844000 r--s 0000b000 103:02 8390829                   /home/aknandigam/.m2/repository/org/ow2/asm/asm/4.2/asm-4.2.jar
7f6b72844000-7f6b7284b000 r--s 0003f000 103:02 8390828                   /home/aknandigam/.m2/repository/cglib/cglib/3.1/cglib-3.1.jar
7f6b7284b000-7f6b7284d000 r--s 0000e000 103:02 8390811                   /home/aknandigam/.m2/repository/com/beust/jcommander/1.48/jcommander-1.48.jar
7f6b7284d000-7f6b7285a000 r--s 000ad000 103:02 8390810                   /home/aknandigam/.m2/repository/org/testng/testng/6.10/testng-6.10.jar
7f6b7285a000-7f6b7285f000 r--s 004ef000 103:02 8525166                   /home/aknandigam/.m2/repository/org/xerial/sqlite-jdbc/3.8.11.1/sqlite-jdbc-3.8.11.1.jar
7f6b7285f000-7f6b72863000 r--s 001ae000 103:02 8525164                   /home/aknandigam/.m2/repository/com/relevantcodes/extentreports/2.40.1/extentreports-2.40.1.jar
7f6b72863000-7f6b72869000 r--s 00048000 103:02 8390809                   /home/aknandigam/.m2/repository/org/jsoup/jsoup/1.9.2/jsoup-1.9.2.jar
7f6b72869000-7f6b7286b000 r--s 00009000 103:02 8390805                   /home/aknandigam/.m2/repository/org/apache/httpcomponents/httpmime/4.5.2/httpmime-4.5.2.jar
7f6b7286b000-7f6b7287f000 r--s 000d8000 103:02 8390803                   /home/aknandigam/.m2/repository/org/mongodb/mongodb-driver-core/3.3.0/mongodb-driver-core-3.3.0.jar
7f6b7287f000-7f6b72884000 r--s 00035000 103:02 8390801                   /home/aknandigam/.m2/repository/org/mongodb/bson/3.3.0/bson-3.3.0.jar
7f6b72884000-7f6b7288a000 r--s 0004f000 103:02 8390799                   /home/aknandigam/.m2/repository/org/mongodb/mongodb-driver/3.3.0/mongodb-driver-3.3.0.jar
7f6b7288a000-7f6b728a2000 r--s 00132000 103:02 8390797                   /home/aknandigam/.m2/repository/org/freemarker/freemarker/2.3.23/freemarker-2.3.23.jar
7f6b728a2000-7f6b728a7000 r--s 00025000 103:02 8390796                   /home/aknandigam/.m2/repository/com/aventstack/extentreports/3.1.2/extentreports-3.1.2.jar
7f6b728a7000-7f6b728ac000 r--s 00021000 103:02 8390782                   /home/aknandigam/.m2/repository/org/seleniumhq/selenium/selenium-support/3.11.0/selenium-support-3.11.0.jar
7f6b728ac000-7f6b728ad000 r--s 00001000 103:02 8390779                   /home/aknandigam/.m2/repository/org/seleniumhq/selenium/selenium-safari-driver/3.11.0/selenium-safari-driver-3.11.0.jar
7f6b728ad000-7f6b728ae000 r--s 00001000 103:02 8390775                   /home/aknandigam/.m2/repository/org/seleniumhq/selenium/selenium-opera-driver/3.11.0/selenium-opera-driver-3.11.0.jar
7f6b728ae000-7f6b728af000 r--s 00003000 103:02 8390774                   /home/aknandigam/.m2/repository/org/seleniumhq/selenium/selenium-ie-driver/3.11.0/selenium-ie-driver-3.11.0.jar
7f6b728af000-7f6b728b1000 r--s 000c2000 103:02 8390773                   /home/aknandigam/.m2/repository/org/seleniumhq/selenium/selenium-firefox-driver/3.11.0/selenium-firefox-driver-3.11.0.jar
7f6b728b1000-7f6b728b2000 r--s 00001000 103:02 8390769                   /home/aknandigam/.m2/repository/org/seleniumhq/selenium/selenium-edge-driver/3.11.0/selenium-edge-driver-3.11.0.jar
7f6b728b2000-7f6b728b3000 r--s 00013000 103:02 8390793                   /home/aknandigam/.m2/repository/com/squareup/okio/okio/1.13.0/okio-1.13.0.jar
7f6b728b3000-7f6b728b9000 r--s 0005e000 103:02 8390792                   /home/aknandigam/.m2/repository/com/squareup/okhttp3/okhttp/3.9.1/okhttp-3.9.1.jar
7f6b728b9000-7f6b728c1000 r--s 00048000 103:02 8390790                   /home/aknandigam/.m2/repository/org/apache/httpcomponents/httpcore/4.4.6/httpcore-4.4.6.jar
7f6b728c1000-7f6b728cc000 r--s 00085000 103:02 8390815                   /home/aknandigam/.m2/repository/org/apache/httpcomponents/httpclient/4.3.3/httpclient-4.3.3.jar
7f6b728cc000-7f6b728cd000 r--s 00000000 103:02 8390827                   /home/aknandigam/.m2/repository/org/codehaus/mojo/animal-sniffer-annotations/1.14/animal-sniffer-annotations-1.14.jar
7f6b728cd000-7f6b728cf000 r--s 00001000 103:02 8390823                   /home/aknandigam/.m2/repository/com/google/j2objc/j2objc-annotations/1.1/j2objc-annotations-1.1.jar
7f6b728cf000-7f6b728d0000 r--s 00002000 103:02 8390821                   /home/aknandigam/.m2/repository/com/google/errorprone/error_prone_annotations/2.0.18/error_prone_annotations-2.0.18.jar
7f6b728d0000-7f6b728d3000 r--s 00006000 103:02 8390819                   /home/aknandigam/.m2/repository/com/google/code/findbugs/jsr305/1.3.9/jsr305-1.3.9.jar
7f6b728d3000-7f6b72903000 r--s 0024f000 103:02 8390817                   /home/aknandigam/.m2/repository/com/google/guava/guava/23.0/guava-23.0.jar
7f6b72903000-7f6b72908000 r--s 00034000 103:02 8390814                   /home/aknandigam/.m2/repository/com/google/code/gson/gson/2.8.1/gson-2.8.1.jar
7f6b72908000-7f6b7290f000 r--s 0003f000 103:02 8390787                   /home/aknandigam/.m2/repository/commons-codec/commons-codec/1.10/commons-codec-1.10.jar
7f6b7290f000-7f6b72911000 r--s 0000c000 103:02 8390785                   /home/aknandigam/.m2/repository/org/apache/commons/commons-exec/1.3/commons-exec-1.3.jar
7f6b72911000-7f6b7294d000 r--s 0028e000 103:02 8390783                   /home/aknandigam/.m2/repository/net/bytebuddy/byte-buddy/1.7.9/byte-buddy-1.7.9.jar
7f6b7294d000-7f6b72954000 r--s 00050000 103:02 8390778                   /home/aknandigam/.m2/repository/org/seleniumhq/selenium/selenium-remote-driver/3.11.0/selenium-remote-driver-3.11.0.jar
7f6b72954000-7f6b72955000 r--s 00002000 103:02 8390768                   /home/aknandigam/.m2/repository/org/seleniumhq/selenium/selenium-chrome-driver/3.11.0/selenium-chrome-driver-3.11.0.jar
7f6b72955000-7f6b72959000 r--s 00018000 103:02 8390766                   /home/aknandigam/.m2/repository/org/seleniumhq/selenium/selenium-api/3.11.0/selenium-api-3.11.0.jar
7f6b72959000-7f6b7295a000 r--s 00000000 103:02 8390764                   /home/aknandigam/.m2/repository/org/seleniumhq/selenium/selenium-java/3.11.0/selenium-java-3.11.0.jar
7f6b7295a000-7f6b72962000 r--s 00068000 103:02 8390757                   /home/aknandigam/.m2/repository/dom4j/dom4j/1.1/dom4j-1.1.jar
7f6b72962000-7f6b72964000 r--s 00005000 103:02 8390756                   /home/aknandigam/.m2/repository/org/apache/geronimo/specs/geronimo-stax-api_1.0_spec/1.0/geronimo-stax-api_1.0_spec-1.0.jar
7f6b72964000-7f6b72966000 r--s 00005000 103:02 8390761                   /home/aknandigam/.m2/repository/stax/stax-api/1.0.1/stax-api-1.0.1.jar
7f6b72966000-7f6b729a3000 r--s 0024f000 103:02 8390759                   /home/aknandigam/.m2/repository/org/apache/xmlbeans/xmlbeans/2.3.0/xmlbeans-2.3.0.jar
7f6b729a3000-7f6b72a20000 r--s 0031d000 103:02 8390755                   /home/aknandigam/.m2/repository/org/apache/poi/poi-ooxml-schemas/3.6/poi-ooxml-schemas-3.6.jar
7f6b72a20000-7f6b72a26000 r--s 0005f000 103:02 8390754                   /home/aknandigam/.m2/repository/org/apache/poi/poi-ooxml/3.6/poi-ooxml-3.6.jar
7f6b72a26000-7f6b72a2d000 r--s 00051000 103:02 8390749                   /home/aknandigam/.m2/repository/log4j/log4j/1.2.13/log4j-1.2.13.jar
7f6b72a2d000-7f6b72a48000 r--s 0015d000 103:02 8390741                   /home/aknandigam/.m2/repository/org/apache/poi/poi/3.6/poi-3.6.jar
7f6b72a48000-7f6b72a4e000 r--s 00059000 103:02 8390840                   /home/aknandigam/.m2/repository/javax/mail/mail/1.4/mail-1.4.jar
7f6b72a4e000-7f6b72a7f000 rw-p 00000000 00:00 0 
7f6b72a7f000-7f6b72a97000 r-xp 00000000 103:02 23464770                  /usr/lib/jvm/java-8-openjdk-amd64/jre/lib/amd64/libnet.so
7f6b72a97000-7f6b72c96000 ---p 00018000 103:02 23464770                  /usr/lib/jvm/java-8-openjdk-amd64/jre/lib/amd64/libnet.so
7f6b72c96000-7f6b72c97000 r--p 00017000 103:02 23464770                  /usr/lib/jvm/java-8-openjdk-amd64/jre/lib/amd64/libnet.so
7f6b72c97000-7f6b72c98000 rw-p 00018000 103:02 23464770                  /usr/lib/jvm/java-8-openjdk-amd64/jre/lib/amd64/libnet.so
7f6b72c98000-7f6b72caa000 r-xp 00000000 103:02 23464771                  /usr/lib/jvm/java-8-openjdk-amd64/jre/lib/amd64/libnio.so
7f6b72caa000-7f6b72ea9000 ---p 00012000 103:02 23464771                  /usr/lib/jvm/java-8-openjdk-amd64/jre/lib/amd64/libnio.so
7f6b72ea9000-7f6b72eaa000 r--p 00011000 103:02 23464771                  /usr/lib/jvm/java-8-openjdk-amd64/jre/lib/amd64/libnio.so
7f6b72eaa000-7f6b72eab000 rw-p 00012000 103:02 23464771                  /usr/lib/jvm/java-8-openjdk-amd64/jre/lib/amd64/libnio.so
7f6b72eab000-7f6b72eb3000 r--s 00046000 103:02 9307907                   /home/aknandigam/Automation&softwares/selenium/eclipse-java-luna-SR2-linux-gtk-x86_64/eclipse/plugins/org.testng.eclipse_6.11.0.201703011520/lib/testng-remote.jar
7f6b72eb3000-7f6b72eb6000 r--s 0000f000 103:02 23465027                  /usr/lib/jvm/java-8-openjdk-amd64/jre/lib/ext/icedtea-sound.jar
7f6b72eb6000-7f6b72ed1000 r--s 00394000 103:02 23465022                  /usr/lib/jvm/java-8-openjdk-amd64/jre/lib/ext/cldrdata.jar
7f6b72ed1000-7f6b72eec000 r--s 001d6000 103:02 23465037                  /usr/lib/jvm/java-8-openjdk-amd64/jre/lib/ext/nashorn.jar
7f6b72eec000-7f6b72eed000 ---p 00000000 00:00 0 
7f6b72eed000-7f6b72fed000 rw-p 00000000 00:00 0 
7f6b72fed000-7f6b72ff0000 ---p 00000000 00:00 0 
7f6b72ff0000-7f6b730ee000 rw-p 00000000 00:00 0 
7f6b730ee000-7f6b730ef000 ---p 00000000 00:00 0 
7f6b730ef000-7f6b730f2000 ---p 00000000 00:00 0 
7f6b730f2000-7f6b731ef000 rw-p 00000000 00:00 0 
7f6b731ef000-7f6b731f0000 ---p 00000000 00:00 0 
7f6b731f0000-7f6b731f3000 ---p 00000000 00:00 0 
7f6b731f3000-7f6b732f0000 rw-p 00000000 00:00 0 
7f6b732f0000-7f6b732f1000 ---p 00000000 00:00 0 
7f6b732f1000-7f6b732f4000 ---p 00000000 00:00 0 
7f6b732f4000-7f6b733f1000 rw-p 00000000 00:00 0 
7f6b733f1000-7f6b733f2000 ---p 00000000 00:00 0 
7f6b733f2000-7f6b733f5000 ---p 00000000 00:00 0 
7f6b733f5000-7f6b734f2000 rw-p 00000000 00:00 0 
7f6b734f2000-7f6b734f5000 ---p 00000000 00:00 0 
7f6b734f5000-7f6b735f3000 rw-p 00000000 00:00 0 
7f6b735f3000-7f6b735f6000 ---p 00000000 00:00 0 
7f6b735f6000-7f6b736f4000 rw-p 00000000 00:00 0 
7f6b736f4000-7f6b736f7000 ---p 00000000 00:00 0 
7f6b736f7000-7f6b737f5000 rw-p 00000000 00:00 0 
7f6b737f5000-7f6b737f9000 r-xp 00000000 103:02 23464087                  /usr/lib/jvm/java-8-openjdk-amd64/jre/lib/amd64/libdt_socket.so
7f6b737f9000-7f6b739f8000 ---p 00004000 103:02 23464087                  /usr/lib/jvm/java-8-openjdk-amd64/jre/lib/amd64/libdt_socket.so
7f6b739f8000-7f6b739f9000 r--p 00003000 103:02 23464087                  /usr/lib/jvm/java-8-openjdk-amd64/jre/lib/amd64/libdt_socket.so
7f6b739f9000-7f6b739fa000 rw-p 00004000 103:02 23464087                  /usr/lib/jvm/java-8-openjdk-amd64/jre/lib/amd64/libdt_socket.so
7f6b739fa000-7f6b739fd000 ---p 00000000 00:00 0 
7f6b739fd000-7f6b73afb000 rw-p 00000000 00:00 0 
7f6b73afb000-7f6b73afe000 ---p 00000000 00:00 0 
7f6b73afe000-7f6b73bfc000 rw-p 00000000 00:00 0 
7f6b73bfc000-7f6b73bff000 ---p 00000000 00:00 0 
7f6b73bff000-7f6b73cfd000 rw-p 00000000 00:00 0 
7f6b73cfd000-7f6b73cfe000 ---p 00000000 00:00 0 
7f6b73cfe000-7f6b74000000 rw-p 00000000 00:00 0 
7f6b74000000-7f6b74021000 rw-p 00000000 00:00 0 
7f6b74021000-7f6b78000000 ---p 00000000 00:00 0 
7f6b78000000-7f6b79a21000 rw-p 00000000 00:00 0 
7f6b79a21000-7f6b79bf2000 r--s 03c94000 103:02 23465207                  /usr/lib/jvm/java-8-openjdk-amd64/jre/lib/rt.jar
7f6b79bf2000-7f6b7ac2a000 rw-p 00000000 00:00 0 
7f6b7ac2a000-7f6b7ac2b000 ---p 00000000 00:00 0 
7f6b7ac2b000-7f6b7ad2b000 rw-p 00000000 00:00 0 
7f6b7ad2b000-7f6b7ad2c000 ---p 00000000 00:00 0 
7f6b7ad2c000-7f6b7ae2c000 rw-p 00000000 00:00 0 
7f6b7ae2c000-7f6b7ae2d000 ---p 00000000 00:00 0 
7f6b7ae2d000-7f6b7af2d000 rw-p 00000000 00:00 0 
7f6b7af2d000-7f6b7af2e000 ---p 00000000 00:00 0 
7f6b7af2e000-7f6b7b02e000 rw-p 00000000 00:00 0 
7f6b7b02e000-7f6b7b02f000 ---p 00000000 00:00 0 
7f6b7b02f000-7f6b7b12f000 rw-p 00000000 00:00 0 
7f6b7b12f000-7f6b7b130000 ---p 00000000 00:00 0 
7f6b7b130000-7f6b7b230000 rw-p 00000000 00:00 0 
7f6b7b230000-7f6b7b231000 ---p 00000000 00:00 0 
7f6b7b231000-7f6b7b331000 rw-p 00000000 00:00 0 
7f6b7b331000-7f6b7b332000 ---p 00000000 00:00 0 
7f6b7b332000-7f6b7b457000 rw-p 00000000 00:00 0 
7f6b7b457000-7f6b7b95e000 ---p 00000000 00:00 0 
7f6b7b95e000-7f6b7b983000 rw-p 00000000 00:00 0 
7f6b7b983000-7f6b7be8a000 ---p 00000000 00:00 0 
7f6b7be8a000-7f6b7beb4000 rw-p 00000000 00:00 0 
7f6b7beb4000-7f6b7c120000 ---p 00000000 00:00 0 
7f6b7c120000-7f6b7c12d000 rw-p 00000000 00:00 0 
7f6b7c12d000-7f6b7c4e1000 ---p 00000000 00:00 0 
7f6b7c4e1000-7f6b7c7e1000 rwxp 00000000 00:00 0 
7f6b7c7e1000-7f6b8b4e1000 ---p 00000000 00:00 0 
7f6b8b4e1000-7f6b8b4e9000 r-xp 00000000 103:02 23464806                  /usr/lib/jvm/java-8-openjdk-amd64/jre/lib/amd64/libzip.so
7f6b8b4e9000-7f6b8b6e8000 ---p 00008000 103:02 23464806                  /usr/lib/jvm/java-8-openjdk-amd64/jre/lib/amd64/libzip.so
7f6b8b6e8000-7f6b8b6e9000 r--p 00007000 103:02 23464806                  /usr/lib/jvm/java-8-openjdk-amd64/jre/lib/amd64/libzip.so
7f6b8b6e9000-7f6b8b6ea000 rw-p 00008000 103:02 23464806                  /usr/lib/jvm/java-8-openjdk-amd64/jre/lib/amd64/libzip.so
7f6b8b6ea000-7f6b8b6f5000 r-xp 00000000 103:02 3933112                   /lib/x86_64-linux-gnu/libnss_files-2.27.so
7f6b8b6f5000-7f6b8b8f4000 ---p 0000b000 103:02 3933112                   /lib/x86_64-linux-gnu/libnss_files-2.27.so
7f6b8b8f4000-7f6b8b8f5000 r--p 0000a000 103:02 3933112                   /lib/x86_64-linux-gnu/libnss_files-2.27.so
7f6b8b8f5000-7f6b8b8f6000 rw-p 0000b000 103:02 3933112                   /lib/x86_64-linux-gnu/libnss_files-2.27.so
7f6b8b8f6000-7f6b8b8fc000 rw-p 00000000 00:00 0 
7f6b8b8fc000-7f6b8b913000 r-xp 00000000 103:02 3933109                   /lib/x86_64-linux-gnu/libnsl-2.27.so
7f6b8b913000-7f6b8bb12000 ---p 00017000 103:02 3933109                   /lib/x86_64-linux-gnu/libnsl-2.27.so
7f6b8bb12000-7f6b8bb13000 r--p 00016000 103:02 3933109                   /lib/x86_64-linux-gnu/libnsl-2.27.so
7f6b8bb13000-7f6b8bb14000 rw-p 00017000 103:02 3933109                   /lib/x86_64-linux-gnu/libnsl-2.27.so
7f6b8bb14000-7f6b8bb16000 rw-p 00000000 00:00 0 
7f6b8bb16000-7f6b8bb21000 r-xp 00000000 103:02 3933114                   /lib/x86_64-linux-gnu/libnss_nis-2.27.so
7f6b8bb21000-7f6b8bd20000 ---p 0000b000 103:02 3933114                   /lib/x86_64-linux-gnu/libnss_nis-2.27.so
7f6b8bd20000-7f6b8bd21000 r--p 0000a000 103:02 3933114                   /lib/x86_64-linux-gnu/libnss_nis-2.27.so
7f6b8bd21000-7f6b8bd22000 rw-p 0000b000 103:02 3933114                   /lib/x86_64-linux-gnu/libnss_nis-2.27.so
7f6b8bd22000-7f6b8c000000 r--p 00000000 103:02 23463897                  /usr/lib/locale/locale-archive
7f6b8c000000-7f6b8ca42000 rw-p 00000000 00:00 0 
7f6b8ca42000-7f6b90000000 ---p 00000000 00:00 0 
7f6b90000000-7f6b90002000 r--s 0000e000 103:02 8391402                   /home/aknandigam/.m2/repository/commons-logging/commons-logging/1.2/commons-logging-1.2.jar
7f6b90002000-7f6b90006000 r--s 00040000 103:02 23465118                  /usr/lib/jvm/java-8-openjdk-amd64/jre/lib/ext/sunpkcs11.jar
7f6b90006000-7f6b90075000 rw-p 00000000 00:00 0 
7f6b90075000-7f6b9007d000 r-xp 00000000 103:02 3933110                   /lib/x86_64-linux-gnu/libnss_compat-2.27.so
7f6b9007d000-7f6b9027d000 ---p 00008000 103:02 3933110                   /lib/x86_64-linux-gnu/libnss_compat-2.27.so
7f6b9027d000-7f6b9027e000 r--p 00008000 103:02 3933110                   /lib/x86_64-linux-gnu/libnss_compat-2.27.so
7f6b9027e000-7f6b9027f000 rw-p 00009000 103:02 3933110                   /lib/x86_64-linux-gnu/libnss_compat-2.27.so
7f6b9027f000-7f6b90281000 r-xp 00000000 103:02 23464772                  /usr/lib/jvm/java-8-openjdk-amd64/jre/lib/amd64/libnpt.so
7f6b90281000-7f6b90481000 ---p 00002000 103:02 23464772                  /usr/lib/jvm/java-8-openjdk-amd64/jre/lib/amd64/libnpt.so
7f6b90481000-7f6b90482000 r--p 00002000 103:02 23464772                  /usr/lib/jvm/java-8-openjdk-amd64/jre/lib/amd64/libnpt.so
7f6b90482000-7f6b90483000 rw-p 00003000 103:02 23464772                  /usr/lib/jvm/java-8-openjdk-amd64/jre/lib/amd64/libnpt.so
7f6b90483000-7f6b904be000 r-xp 00000000 103:02 23464725                  /usr/lib/jvm/java-8-openjdk-amd64/jre/lib/amd64/libjdwp.so
7f6b904be000-7f6b906bd000 ---p 0003b000 103:02 23464725                  /usr/lib/jvm/java-8-openjdk-amd64/jre/lib/amd64/libjdwp.so
7f6b906bd000-7f6b906be000 r--p 0003a000 103:02 23464725                  /usr/lib/jvm/java-8-openjdk-amd64/jre/lib/amd64/libjdwp.so
7f6b906be000-7f6b906bf000 rw-p 0003b000 103:02 23464725                  /usr/lib/jvm/java-8-openjdk-amd64/jre/lib/amd64/libjdwp.so
7f6b906bf000-7f6b906e9000 r-xp 00000000 103:02 23464690                  /usr/lib/jvm/java-8-openjdk-amd64/jre/lib/amd64/libjava.so
7f6b906e9000-7f6b908e9000 ---p 0002a000 103:02 23464690                  /usr/lib/jvm/java-8-openjdk-amd64/jre/lib/amd64/libjava.so
7f6b908e9000-7f6b908ea000 r--p 0002a000 103:02 23464690                  /usr/lib/jvm/java-8-openjdk-amd64/jre/lib/amd64/libjava.so
7f6b908ea000-7f6b908ec000 rw-p 0002b000 103:02 23464690                  /usr/lib/jvm/java-8-openjdk-amd64/jre/lib/amd64/libjava.so
7f6b908ec000-7f6b908fc000 r-xp 00000000 103:02 23464805                  /usr/lib/jvm/java-8-openjdk-amd64/jre/lib/amd64/libverify.so
7f6b908fc000-7f6b90afb000 ---p 00010000 103:02 23464805                  /usr/lib/jvm/java-8-openjdk-amd64/jre/lib/amd64/libverify.so
7f6b90afb000-7f6b90afd000 r--p 0000f000 103:02 23464805                  /usr/lib/jvm/java-8-openjdk-amd64/jre/lib/amd64/libverify.so
7f6b90afd000-7f6b90afe000 rw-p 00011000 103:02 23464805                  /usr/lib/jvm/java-8-openjdk-amd64/jre/lib/amd64/libverify.so
7f6b90afe000-7f6b90b05000 r-xp 00000000 103:02 3933119                   /lib/x86_64-linux-gnu/librt-2.27.so
7f6b90b05000-7f6b90d04000 ---p 00007000 103:02 3933119                   /lib/x86_64-linux-gnu/librt-2.27.so
7f6b90d04000-7f6b90d05000 r--p 00006000 103:02 3933119                   /lib/x86_64-linux-gnu/librt-2.27.so
7f6b90d05000-7f6b90d06000 rw-p 00007000 103:02 3933119                   /lib/x86_64-linux-gnu/librt-2.27.so
7f6b90d06000-7f6b90d1d000 r-xp 00000000 103:02 3932341                   /lib/x86_64-linux-gnu/libgcc_s.so.1
7f6b90d1d000-7f6b90f1c000 ---p 00017000 103:02 3932341                   /lib/x86_64-linux-gnu/libgcc_s.so.1
7f6b90f1c000-7f6b90f1d000 r--p 00016000 103:02 3932341                   /lib/x86_64-linux-gnu/libgcc_s.so.1
7f6b90f1d000-7f6b90f1e000 rw-p 00017000 103:02 3932341                   /lib/x86_64-linux-gnu/libgcc_s.so.1
7f6b90f1e000-7f6b910bb000 r-xp 00000000 103:02 3933106                   /lib/x86_64-linux-gnu/libm-2.27.so
7f6b910bb000-7f6b912ba000 ---p 0019d000 103:02 3933106                   /lib/x86_64-linux-gnu/libm-2.27.so
7f6b912ba000-7f6b912bb000 r--p 0019c000 103:02 3933106                   /lib/x86_64-linux-gnu/libm-2.27.so
7f6b912bb000-7f6b912bc000 rw-p 0019d000 103:02 3933106                   /lib/x86_64-linux-gnu/libm-2.27.so
7f6b912bc000-7f6b91435000 r-xp 00000000 103:02 23463321                  /usr/lib/x86_64-linux-gnu/libstdc++.so.6.0.25
7f6b91435000-7f6b91635000 ---p 00179000 103:02 23463321                  /usr/lib/x86_64-linux-gnu/libstdc++.so.6.0.25
7f6b91635000-7f6b9163f000 r--p 00179000 103:02 23463321                  /usr/lib/x86_64-linux-gnu/libstdc++.so.6.0.25
7f6b9163f000-7f6b91641000 rw-p 00183000 103:02 23463321                  /usr/lib/x86_64-linux-gnu/libstdc++.so.6.0.25
7f6b91641000-7f6b91645000 rw-p 00000000 00:00 0 
7f6b91645000-7f6b923b3000 r-xp 00000000 103:02 23464809                  /usr/lib/jvm/java-8-openjdk-amd64/jre/lib/amd64/server/libjvm.so
7f6b923b3000-7f6b925b2000 ---p 00d6e000 103:02 23464809                  /usr/lib/jvm/java-8-openjdk-amd64/jre/lib/amd64/server/libjvm.so
7f6b925b2000-7f6b92648000 r--p 00d6d000 103:02 23464809                  /usr/lib/jvm/java-8-openjdk-amd64/jre/lib/amd64/server/libjvm.so
7f6b92648000-7f6b92671000 rw-p 00e03000 103:02 23464809                  /usr/lib/jvm/java-8-openjdk-amd64/jre/lib/amd64/server/libjvm.so
7f6b92671000-7f6b926a4000 rw-p 00000000 00:00 0 
7f6b926a4000-7f6b926be000 r-xp 00000000 103:02 3933117                   /lib/x86_64-linux-gnu/libpthread-2.27.so
7f6b926be000-7f6b928bd000 ---p 0001a000 103:02 3933117                   /lib/x86_64-linux-gnu/libpthread-2.27.so
7f6b928bd000-7f6b928be000 r--p 00019000 103:02 3933117                   /lib/x86_64-linux-gnu/libpthread-2.27.so
7f6b928be000-7f6b928bf000 rw-p 0001a000 103:02 3933117                   /lib/x86_64-linux-gnu/libpthread-2.27.so
7f6b928bf000-7f6b928c3000 rw-p 00000000 00:00 0 
7f6b928c3000-7f6b928c6000 r-xp 00000000 103:02 3933105                   /lib/x86_64-linux-gnu/libdl-2.27.so
7f6b928c6000-7f6b92ac5000 ---p 00003000 103:02 3933105                   /lib/x86_64-linux-gnu/libdl-2.27.so
7f6b92ac5000-7f6b92ac6000 r--p 00002000 103:02 3933105                   /lib/x86_64-linux-gnu/libdl-2.27.so
7f6b92ac6000-7f6b92ac7000 rw-p 00003000 103:02 3933105                   /lib/x86_64-linux-gnu/libdl-2.27.so
7f6b92ac7000-7f6b92ae3000 r-xp 00000000 103:02 3937122                   /lib/x86_64-linux-gnu/libz.so.1.2.11
7f6b92ae3000-7f6b92ce2000 ---p 0001c000 103:02 3937122                   /lib/x86_64-linux-gnu/libz.so.1.2.11
7f6b92ce2000-7f6b92ce3000 r--p 0001b000 103:02 3937122                   /lib/x86_64-linux-gnu/libz.so.1.2.11
7f6b92ce3000-7f6b92ce4000 rw-p 0001c000 103:02 3937122                   /lib/x86_64-linux-gnu/libz.so.1.2.11
7f6b92ce4000-7f6b92ecb000 r-xp 00000000 103:02 3933102                   /lib/x86_64-linux-gnu/libc-2.27.so
7f6b92ecb000-7f6b930cb000 ---p 001e7000 103:02 3933102                   /lib/x86_64-linux-gnu/libc-2.27.so
7f6b930cb000-7f6b930cf000 r--p 001e7000 103:02 3933102                   /lib/x86_64-linux-gnu/libc-2.27.so
7f6b930cf000-7f6b930d1000 rw-p 001eb000 103:02 3933102                   /lib/x86_64-linux-gnu/libc-2.27.so
7f6b930d1000-7f6b930d5000 rw-p 00000000 00:00 0 
7f6b930d5000-7f6b930e3000 r-xp 00000000 103:02 23463323                  /usr/lib/jvm/java-8-openjdk-amd64/jre/lib/amd64/jli/libjli.so
7f6b930e3000-7f6b932e2000 ---p 0000e000 103:02 23463323                  /usr/lib/jvm/java-8-openjdk-amd64/jre/lib/amd64/jli/libjli.so
7f6b932e2000-7f6b932e3000 r--p 0000d000 103:02 23463323                  /usr/lib/jvm/java-8-openjdk-amd64/jre/lib/amd64/jli/libjli.so
7f6b932e3000-7f6b932e4000 rw-p 0000e000 103:02 23463323                  /usr/lib/jvm/java-8-openjdk-amd64/jre/lib/amd64/jli/libjli.so
7f6b932e4000-7f6b9330b000 r-xp 00000000 103:02 3933096                   /lib/x86_64-linux-gnu/ld-2.27.so
7f6b9330b000-7f6b9330d000 r--s 0000e000 103:02 8390843                   /home/aknandigam/.m2/repository/javax/activation/activation/1.1/activation-1.1.jar
7f6b9330d000-7f6b9330f000 r--s 00001000 103:02 23465023                  /usr/lib/jvm/java-8-openjdk-amd64/jre/lib/ext/dnsns.jar
7f6b9330f000-7f6b93311000 r--s 00010000 103:02 23465137                  /usr/lib/jvm/java-8-openjdk-amd64/jre/lib/ext/zipfs.jar
7f6b93311000-7f6b93312000 r--s 0000d000 103:02 23465040                  /usr/lib/jvm/java-8-openjdk-amd64/jre/lib/ext/sunec.jar
7f6b93312000-7f6b9331c000 r--s 00117000 103:02 23465036                  /usr/lib/jvm/java-8-openjdk-amd64/jre/lib/ext/localedata.jar
7f6b9331c000-7f6b93322000 r--s 0003d000 103:02 23465041                  /usr/lib/jvm/java-8-openjdk-amd64/jre/lib/ext/sunjce_provider.jar
7f6b93322000-7f6b933f3000 rw-p 00000000 00:00 0 
7f6b933f3000-7f6b933f4000 ---p 00000000 00:00 0 
7f6b933f4000-7f6b933f7000 ---p 00000000 00:00 0 
7f6b933f7000-7f6b934f6000 rw-p 00000000 00:00 0 
7f6b934f6000-7f6b934f8000 r--s 00007000 103:02 23855156                  /usr/share/java/java-atk-wrapper.jar
7f6b934f8000-7f6b934f9000 r--s 0000a000 103:02 23465028                  /usr/lib/jvm/java-8-openjdk-amd64/jre/lib/ext/jaccess.jar
7f6b934f9000-7f6b934ff000 r--s 000d3000 103:02 23465187                  /usr/lib/jvm/java-8-openjdk-amd64/jre/lib/jfr.jar
7f6b934ff000-7f6b93507000 rw-s 00000000 103:02 26083843                  /tmp/hsperfdata_aknandigam/16350
7f6b93507000-7f6b93508000 rw-p 00000000 00:00 0 
7f6b93508000-7f6b93509000 ---p 00000000 00:00 0 
7f6b93509000-7f6b9350b000 rw-p 00000000 00:00 0 
7f6b9350b000-7f6b9350c000 r--p 00027000 103:02 3933096                   /lib/x86_64-linux-gnu/ld-2.27.so
7f6b9350c000-7f6b9350d000 rw-p 00028000 103:02 3933096                   /lib/x86_64-linux-gnu/ld-2.27.so
7f6b9350d000-7f6b9350e000 rw-p 00000000 00:00 0 
7ffff8ddf000-7ffff8e01000 rw-p 00000000 00:00 0                          [stack]
7ffff8f7d000-7ffff8f80000 r--p 00000000 00:00 0                          [vvar]
7ffff8f80000-7ffff8f81000 r-xp 00000000 00:00 0                          [vdso]
ffffffffff600000-ffffffffff601000 --xp 00000000 00:00 0                  [vsyscall]

VM Arguments:
jvm_args: -agentlib:jdwp=transport=dt_socket,suspend=y,address=localhost:39913 -ea -Dfile.encoding=UTF-8 
java_command: org.testng.remote.RemoteTestNG -serport 39211 -protocol json -d /home/aknandigam/workspace/TaxillaProjectFeb/test-output /tmp/testng-eclipse-110318372/testng-customsuite.xml
java_class_path (initial): /home/aknandigam/Automation&softwares/selenium/eclipse-java-luna-SR2-linux-gtk-x86_64/eclipse/plugins/org.testng.eclipse_6.11.0.201703011520/lib/testng-remote.jar:/home/aknandigam/workspace/TaxillaProjectFeb/target/test-classes:/home/aknandigam/workspace/TaxillaProjectFeb/target/classes:/home/aknandigam/.m2/repository/javax/mail/mail/1.4/mail-1.4.jar:/home/aknandigam/.m2/repository/javax/activation/activation/1.1/activation-1.1.jar:/home/aknandigam/.m2/repository/org/apache/poi/poi/3.6/poi-3.6.jar:/home/aknandigam/.m2/repository/commons-logging/commons-logging/1.2/commons-logging-1.2.jar:/home/aknandigam/.m2/repository/log4j/log4j/1.2.13/log4j-1.2.13.jar:/home/aknandigam/.m2/repository/org/apache/poi/poi-ooxml/3.6/poi-ooxml-3.6.jar:/home/aknandigam/.m2/repository/org/apache/poi/poi-ooxml-schemas/3.6/poi-ooxml-schemas-3.6.jar:/home/aknandigam/.m2/repository/org/apache/xmlbeans/xmlbeans/2.3.0/xmlbeans-2.3.0.jar:/home/aknandigam/.m2/repository/stax/stax-api/1.0.1/stax-api-1.0.1.jar:/home/aknandigam/.m2/repository/org/apache/geronimo/specs/geronimo-stax-api_1.0_spec/1.0/geronimo-stax-api_1.0_spec-1.0.jar:/home/aknandigam/.m2/repository/dom4j/dom4j/1.1/dom4j-1.1.jar:/home/aknandigam/.m2/repository/org/seleniumhq/selenium/selenium-java/3.11.0/selenium-java-3.11.0.jar:/home/aknandigam/.m2/repository/org/seleniumhq/selenium/selenium-api/3.11.0/selenium-api-3.11.0.jar:/home/aknandigam/.m2/repository/org/seleniumhq/selenium/selenium-chrome-driver/3.11.0/selenium-chrome-driver-3.11.0.jar:/home/aknandigam/.m2/repository/org/seleniumhq/selenium/selenium-remote-driver/3.11.0/selenium-remote-driver-3.11.0.jar:/home/aknandigam/.m2/repository/net/bytebuddy/byte-buddy/1.7.9/byte-buddy-1.7.9.jar:/home/aknandigam/.m2/repository/org/apache/commons/commons-exec/1.3/commons-exec-1.3.jar:/home/aknandigam/.m2/repository/commons-codec/commons-codec/1.10/commons-codec-1.10.jar:/home/aknandigam/.m2/repository/com/google/code/gson/gson/2.8.1/gson-2.8.1.jar:/home/akn
Launcher Type: SUN_STANDARD

Environment Variables:
JAVA_HOME=/usr/lib/jvm/java-1.8.0-openjdk-amd64
PATH=/usr/local/sbin:/usr/local/bin:/usr/sbin:/usr/bin:/sbin:/bin:/usr/games:/usr/local/games:/usr/lib/jvm/jdk-10.0.2/bin:/opt/apache-maven-3.6.3/bin:/snap/bin:/home/aknandigam/bin:/usr/lib/jvm/java-1.8.0-openjdk-amd64/bin
USERNAME=aknandigam
SHELL=/bin/bash
DISPLAY=:0

Signal Handlers:
SIGSEGV: [libjvm.so+0xb6c690], sa_mask[0]=11111111011111111101111111111110, sa_flags=SA_RESTART|SA_SIGINFO
SIGBUS: [libjvm.so+0xb6c690], sa_mask[0]=11111111011111111101111111111110, sa_flags=SA_RESTART|SA_SIGINFO
SIGFPE: [libjvm.so+0x98c990], sa_mask[0]=11111111011111111101111111111110, sa_flags=SA_RESTART|SA_SIGINFO
SIGPIPE: [libjvm.so+0x98c990], sa_mask[0]=11111111011111111101111111111110, sa_flags=SA_RESTART|SA_SIGINFO
SIGXFSZ: [libjvm.so+0x98c990], sa_mask[0]=11111111011111111101111111111110, sa_flags=SA_RESTART|SA_SIGINFO
SIGILL: [libjvm.so+0x98c990], sa_mask[0]=11111111011111111101111111111110, sa_flags=SA_RESTART|SA_SIGINFO
SIGUSR1: SIG_DFL, sa_mask[0]=00000000000000000000000000000000, sa_flags=none
SIGUSR2: [libjvm.so+0x98c840], sa_mask[0]=00100000000000000000000000000000, sa_flags=SA_RESTART|SA_SIGINFO
SIGHUP: [libjvm.so+0x98ceb0], sa_mask[0]=11111111011111111101111111111110, sa_flags=SA_RESTART|SA_SIGINFO
SIGINT: [libjvm.so+0x98ceb0], sa_mask[0]=11111111011111111101111111111110, sa_flags=SA_RESTART|SA_SIGINFO
SIGTERM: [libjvm.so+0x98ceb0], sa_mask[0]=11111111011111111101111111111110, sa_flags=SA_RESTART|SA_SIGINFO
SIGQUIT: [libjvm.so+0x98ceb0], sa_mask[0]=11111111011111111101111111111110, sa_flags=SA_RESTART|SA_SIGINFO


---------------  S Y S T E M  ---------------

OS:DISTRIB_ID=Ubuntu
DISTRIB_RELEASE=18.04
DISTRIB_CODENAME=bionic
DISTRIB_DESCRIPTION="Ubuntu 18.04.5 LTS"

uname:Linux 5.4.0-65-generic #73~18.04.1-Ubuntu SMP Tue Jan 19 09:02:24 UTC 2021 x86_64
libc:glibc 2.27 NPTL 2.27 
rlimit: STACK 8192k, CORE 0k, NPROC 63346, NOFILE 4096, AS infinity
load average:1.73 1.66 1.64

/proc/meminfo:
MemTotal:       16265132 kB
MemFree:         6214760 kB
MemAvailable:    8786296 kB
Buffers:          232580 kB
Cached:          4351176 kB
SwapCached:            0 kB
Active:          6188948 kB
Inactive:        2427632 kB
Active(anon):    4934364 kB
Inactive(anon):   926124 kB
Active(file):    1254584 kB
Inactive(file):  1501508 kB
Unevictable:      901620 kB
Mlocked:              64 kB
SwapTotal:       2097148 kB
SwapFree:        2097148 kB
Dirty:               268 kB
Writeback:             0 kB
AnonPages:       4934500 kB
Mapped:          1509500 kB
Shmem:           1829284 kB
KReclaimable:     134992 kB
Slab:             277900 kB
SReclaimable:     134992 kB
SUnreclaim:       142908 kB
KernelStack:       29364 kB
PageTables:       135748 kB
NFS_Unstable:          0 kB
Bounce:                0 kB
WritebackTmp:          0 kB
CommitLimit:    10229712 kB
Committed_AS:   23382940 kB
VmallocTotal:   34359738367 kB
VmallocUsed:       48212 kB
VmallocChunk:          0 kB
Percpu:             3200 kB
HardwareCorrupted:     0 kB
AnonHugePages:         0 kB
ShmemHugePages:        0 kB
ShmemPmdMapped:        0 kB
FileHugePages:         0 kB
FilePmdMapped:         0 kB
CmaTotal:              0 kB
CmaFree:               0 kB
HugePages_Total:       0
HugePages_Free:        0
HugePages_Rsvd:        0
HugePages_Surp:        0
Hugepagesize:       2048 kB
Hugetlb:               0 kB
DirectMap4k:      402516 kB
DirectMap2M:     7854080 kB
DirectMap1G:     8388608 kB

container (cgroup) information:
container_type: cgroupv1
cpu_cpuset_cpus: 0-7
cpu_memory_nodes: 0
active_processor_count: 8
cpu_quota: -1
cpu_period: 100000
cpu_shares: -1
memory_limit_in_bytes: -1
memory_and_swap_limit_in_bytes: -2
memory_soft_limit_in_bytes: -1
memory_usage_in_bytes: 9746460672
memory_max_usage_in_bytes: 0


CPU:total 8 (initial active 8) (4 cores per cpu, 2 threads per core) family 6 model 142 stepping 12, cmov, cx8, fxsr, mmx, sse, sse2, sse3, ssse3, sse4.1, sse4.2, popcnt, avx, avx2, aes, clmul, erms, 3dnowpref, lzcnt, ht, tsc, tscinvbit, bmi1, bmi2, adx

/proc/cpuinfo:
processor	: 0
vendor_id	: GenuineIntel
cpu family	: 6
model		: 142
model name	: Intel(R) Core(TM) i5-8265U CPU @ 1.60GHz
stepping	: 12
microcode	: 0xde
cpu MHz		: 2099.253
cache size	: 6144 KB
physical id	: 0
siblings	: 8
core id		: 0
cpu cores	: 4
apicid		: 0
initial apicid	: 0
fpu		: yes
fpu_exception	: yes
cpuid level	: 22
wp		: yes
flags		: fpu vme de pse tsc msr pae mce cx8 apic sep mtrr pge mca cmov pat pse36 clflush dts acpi mmx fxsr sse sse2 ss ht tm pbe syscall nx pdpe1gb rdtscp lm constant_tsc art arch_perfmon pebs bts rep_good nopl xtopology nonstop_tsc cpuid aperfmperf pni pclmulqdq dtes64 monitor ds_cpl vmx est tm2 ssse3 sdbg fma cx16 xtpr pdcm pcid sse4_1 sse4_2 x2apic movbe popcnt tsc_deadline_timer aes xsave avx f16c rdrand lahf_lm abm 3dnowprefetch cpuid_fault epb invpcid_single ssbd ibrs ibpb stibp ibrs_enhanced tpr_shadow vnmi flexpriority ept vpid ept_ad fsgsbase tsc_adjust bmi1 avx2 smep bmi2 erms invpcid mpx rdseed adx smap clflushopt intel_pt xsaveopt xsavec xgetbv1 xsaves dtherm ida arat pln pts hwp hwp_notify hwp_act_window hwp_epp md_clear flush_l1d arch_capabilities
bugs		: spectre_v1 spectre_v2 spec_store_bypass swapgs itlb_multihit srbds
bogomips	: 3600.00
clflush size	: 64
cache_alignment	: 64
address sizes	: 39 bits physical, 48 bits virtual
power management:

processor	: 1
vendor_id	: GenuineIntel
cpu family	: 6
model		: 142
model name	: Intel(R) Core(TM) i5-8265U CPU @ 1.60GHz
stepping	: 12
microcode	: 0xde
cpu MHz		: 2085.774
cache size	: 6144 KB
physical id	: 0
siblings	: 8
core id		: 1
cpu cores	: 4
apicid		: 2
initial apicid	: 2
fpu		: yes
fpu_exception	: yes
cpuid level	: 22
wp		: yes
flags		: fpu vme de pse tsc msr pae mce cx8 apic sep mtrr pge mca cmov pat pse36 clflush dts acpi mmx fxsr sse sse2 ss ht tm pbe syscall nx pdpe1gb rdtscp lm constant_tsc art arch_perfmon pebs bts rep_good nopl xtopology nonstop_tsc cpuid aperfmperf pni pclmulqdq dtes64 monitor ds_cpl vmx est tm2 ssse3 sdbg fma cx16 xtpr pdcm pcid sse4_1 sse4_2 x2apic movbe popcnt tsc_deadline_timer aes xsave avx f16c rdrand lahf_lm abm 3dnowprefetch cpuid_fault epb invpcid_single ssbd ibrs ibpb stibp ibrs_enhanced tpr_shadow vnmi flexpriority ept vpid ept_ad fsgsbase tsc_adjust bmi1 avx2 smep bmi2 erms invpcid mpx rdseed adx smap clflushopt intel_pt xsaveopt xsavec xgetbv1 xsaves dtherm ida arat pln pts hwp hwp_notify hwp_act_window hwp_epp md_clear flush_l1d arch_capabilities
bugs		: spectre_v1 spectre_v2 spec_store_bypass swapgs itlb_multihit srbds
bogomips	: 3600.00
clflush size	: 64
cache_alignment	: 64
address sizes	: 39 bits physical, 48 bits virtual
power management:

processor	: 2
vendor_id	: GenuineIntel
cpu family	: 6
model		: 142
model name	: Intel(R) Core(TM) i5-8265U CPU @ 1.60GHz
stepping	: 12
microcode	: 0xde
cpu MHz		: 2095.922
cache size	: 6144 KB
physical id	: 0
siblings	: 8
core id		: 2
cpu cores	: 4
apicid		: 4
initial apicid	: 4
fpu		: yes
fpu_exception	: yes
cpuid level	: 22
wp		: yes
flags		: fpu vme de pse tsc msr pae mce cx8 apic sep mtrr pge mca cmov pat pse36 clflush dts acpi mmx fxsr sse sse2 ss ht tm pbe syscall nx pdpe1gb rdtscp lm constant_tsc art arch_perfmon pebs bts rep_good nopl xtopology nonstop_tsc cpuid aperfmperf pni pclmulqdq dtes64 monitor ds_cpl vmx est tm2 ssse3 sdbg fma cx16 xtpr pdcm pcid sse4_1 sse4_2 x2apic movbe popcnt tsc_deadline_timer aes xsave avx f16c rdrand lahf_lm abm 3dnowprefetch cpuid_fault epb invpcid_single ssbd ibrs ibpb stibp ibrs_enhanced tpr_shadow vnmi flexpriority ept vpid ept_ad fsgsbase tsc_adjust bmi1 avx2 smep bmi2 erms invpcid mpx rdseed adx smap clflushopt intel_pt xsaveopt xsavec xgetbv1 xsaves dtherm ida arat pln pts hwp hwp_notify hwp_act_window hwp_epp md_clear flush_l1d arch_capabilities
bugs		: spectre_v1 spectre_v2 spec_store_bypass swapgs itlb_multihit srbds
bogomips	: 3600.00
clflush size	: 64
cache_alignment	: 64
address sizes	: 39 bits physical, 48 bits virtual
power management:

processor	: 3
vendor_id	: GenuineIntel
cpu family	: 6
model		: 142
model name	: Intel(R) Core(TM) i5-8265U CPU @ 1.60GHz
stepping	: 12
microcode	: 0xde
cpu MHz		: 2091.560
cache size	: 6144 KB
physical id	: 0
siblings	: 8
core id		: 3
cpu cores	: 4
apicid		: 6
initial apicid	: 6
fpu		: yes
fpu_exception	: yes
cpuid level	: 22
wp		: yes
flags		: fpu vme de pse tsc msr pae mce cx8 apic sep mtrr pge mca cmov pat pse36 clflush dts acpi mmx fxsr sse sse2 ss ht tm pbe syscall nx pdpe1gb rdtscp lm constant_tsc art arch_perfmon pebs bts rep_good nopl xtopology nonstop_tsc cpuid aperfmperf pni pclmulqdq dtes64 monitor ds_cpl vmx est tm2 ssse3 sdbg fma cx16 xtpr pdcm pcid sse4_1 sse4_2 x2apic movbe popcnt tsc_deadline_timer aes xsave avx f16c rdrand lahf_lm abm 3dnowprefetch cpuid_fault epb invpcid_single ssbd ibrs ibpb stibp ibrs_enhanced tpr_shadow vnmi flexpriority ept vpid ept_ad fsgsbase tsc_adjust bmi1 avx2 smep bmi2 erms invpcid mpx rdseed adx smap clflushopt intel_pt xsaveopt xsavec xgetbv1 xsaves dtherm ida arat pln pts hwp hwp_notify hwp_act_window hwp_epp md_clear flush_l1d arch_capabilities
bugs		: spectre_v1 spectre_v2 spec_store_bypass swapgs itlb_multihit srbds
bogomips	: 3600.00
clflush size	: 64
cache_alignment	: 64
address sizes	: 39 bits physical, 48 bits virtual
power management:

processor	: 4
vendor_id	: GenuineIntel
cpu family	: 6
model		: 142
model name	: Intel(R) Core(TM) i5-8265U CPU @ 1.60GHz
stepping	: 12
microcode	: 0xde
cpu MHz		: 2081.184
cache size	: 6144 KB
physical id	: 0
siblings	: 8
core id		: 0
cpu cores	: 4
apicid		: 1
initial apicid	: 1
fpu		: yes
fpu_exception	: yes
cpuid level	: 22
wp		: yes
flags		: fpu vme de pse tsc msr pae mce cx8 apic sep mtrr pge mca cmov pat pse36 clflush dts acpi mmx fxsr sse sse2 ss ht tm pbe syscall nx pdpe1gb rdtscp lm constant_tsc art arch_perfmon pebs bts rep_good nopl xtopology nonstop_tsc cpuid aperfmperf pni pclmulqdq dtes64 monitor ds_cpl vmx est tm2 ssse3 sdbg fma cx16 xtpr pdcm pcid sse4_1 sse4_2 x2apic movbe popcnt tsc_deadline_timer aes xsave avx f16c rdrand lahf_lm abm 3dnowprefetch cpuid_fault epb invpcid_single ssbd ibrs ibpb stibp ibrs_enhanced tpr_shadow vnmi flexpriority ept vpid ept_ad fsgsbase tsc_adjust bmi1 avx2 smep bmi2 erms invpcid mpx rdseed adx smap clflushopt intel_pt xsaveopt xsavec xgetbv1 xsaves dtherm ida arat pln pts hwp hwp_notify hwp_act_window hwp_epp md_clear flush_l1d arch_capabilities
bugs		: spectre_v1 spectre_v2 spec_store_bypass swapgs itlb_multihit srbds
bogomips	: 3600.00
clflush size	: 64
cache_alignment	: 64
address sizes	: 39 bits physical, 48 bits virtual
power management:

processor	: 5
vendor_id	: GenuineIntel
cpu family	: 6
model		: 142
model name	: Intel(R) Core(TM) i5-8265U CPU @ 1.60GHz
stepping	: 12
microcode	: 0xde
cpu MHz		: 2063.135
cache size	: 6144 KB
physical id	: 0
siblings	: 8
core id		: 1
cpu cores	: 4
apicid		: 3
initial apicid	: 3
fpu		: yes
fpu_exception	: yes
cpuid level	: 22
wp		: yes
flags		: fpu vme de pse tsc msr pae mce cx8 apic sep mtrr pge mca cmov pat pse36 clflush dts acpi mmx fxsr sse sse2 ss ht tm pbe syscall nx pdpe1gb rdtscp lm constant_tsc art arch_perfmon pebs bts rep_good nopl xtopology nonstop_tsc cpuid aperfmperf pni pclmulqdq dtes64 monitor ds_cpl vmx est tm2 ssse3 sdbg fma cx16 xtpr pdcm pcid sse4_1 sse4_2 x2apic movbe popcnt tsc_deadline_timer aes xsave avx f16c rdrand lahf_lm abm 3dnowprefetch cpuid_fault epb invpcid_single ssbd ibrs ibpb stibp ibrs_enhanced tpr_shadow vnmi flexpriority ept vpid ept_ad fsgsbase tsc_adjust bmi1 avx2 smep bmi2 erms invpcid mpx rdseed adx smap clflushopt intel_pt xsaveopt xsavec xgetbv1 xsaves dtherm ida arat pln pts hwp hwp_notify hwp_act_window hwp_epp md_clear flush_l1d arch_capabilities
bugs		: spectre_v1 spectre_v2 spec_store_bypass swapgs itlb_multihit srbds
bogomips	: 3600.00
clflush size	: 64
cache_alignment	: 64
address sizes	: 39 bits physical, 48 bits virtual
power management:

processor	: 6
vendor_id	: GenuineIntel
cpu family	: 6
model		: 142
model name	: Intel(R) Core(TM) i5-8265U CPU @ 1.60GHz
stepping	: 12
microcode	: 0xde
cpu MHz		: 2079.850
cache size	: 6144 KB
physical id	: 0
siblings	: 8
core id		: 2
cpu cores	: 4
apicid		: 5
initial apicid	: 5
fpu		: yes
fpu_exception	: yes
cpuid level	: 22
wp		: yes
flags		: fpu vme de pse tsc msr pae mce cx8 apic sep mtrr pge mca cmov pat pse36 clflush dts acpi mmx fxsr sse sse2 ss ht tm pbe syscall nx pdpe1gb rdtscp lm constant_tsc art arch_perfmon pebs bts rep_good nopl xtopology nonstop_tsc cpuid aperfmperf pni pclmulqdq dtes64 monitor ds_cpl vmx est tm2 ssse3 sdbg fma cx16 xtpr pdcm pcid sse4_1 sse4_2 x2apic movbe popcnt tsc_deadline_timer aes xsave avx f16c rdrand lahf_lm abm 3dnowprefetch cpuid_fault epb invpcid_single ssbd ibrs ibpb stibp ibrs_enhanced tpr_shadow vnmi flexpriority ept vpid ept_ad fsgsbase tsc_adjust bmi1 avx2 smep bmi2 erms invpcid mpx rdseed adx smap clflushopt intel_pt xsaveopt xsavec xgetbv1 xsaves dtherm ida arat pln pts hwp hwp_notify hwp_act_window hwp_epp md_clear flush_l1d arch_capabilities
bugs		: spectre_v1 spectre_v2 spec_store_bypass swapgs itlb_multihit srbds
bogomips	: 3600.00
clflush size	: 64
cache_alignment	: 64
address sizes	: 39 bits physical, 48 bits virtual
power management:

processor	: 7
vendor_id	: GenuineIntel
cpu family	: 6
model		: 142
model name	: Intel(R) Core(TM) i5-8265U CPU @ 1.60GHz
stepping	: 12
microcode	: 0xde
cpu MHz		: 2092.977
cache size	: 6144 KB
physical id	: 0
siblings	: 8
core id		: 3
cpu cores	: 4
apicid		: 7
initial apicid	: 7
fpu		: yes
fpu_exception	: yes
cpuid level	: 22
wp		: yes
flags		: fpu vme de pse tsc msr pae mce cx8 apic sep mtrr pge mca cmov pat pse36 clflush dts acpi mmx fxsr sse sse2 ss ht tm pbe syscall nx pdpe1gb rdtscp lm constant_tsc art arch_perfmon pebs bts rep_good nopl xtopology nonstop_tsc cpuid aperfmperf pni pclmulqdq dtes64 monitor ds_cpl vmx est tm2 ssse3 sdbg fma cx16 xtpr pdcm pcid sse4_1 sse4_2 x2apic movbe popcnt tsc_deadline_timer aes xsave avx f16c rdrand lahf_lm abm 3dnowprefetch cpuid_fault epb invpcid_single ssbd ibrs ibpb stibp ibrs_enhanced tpr_shadow vnmi flexpriority ept vpid ept_ad fsgsbase tsc_adjust bmi1 avx2 smep bmi2 erms invpcid mpx rdseed adx smap clflushopt intel_pt xsaveopt xsavec xgetbv1 xsaves dtherm ida arat pln pts hwp hwp_notify hwp_act_window hwp_epp md_clear flush_l1d arch_capabilities
bugs		: spectre_v1 spectre_v2 spec_store_bypass swapgs itlb_multihit srbds
bogomips	: 3600.00
clflush size	: 64
cache_alignment	: 64
address sizes	: 39 bits physical, 48 bits virtual
power management:



Memory: 4k page, physical 16265132k(6214796k free), swap 2097148k(2097148k free)

vm_info: OpenJDK 64-Bit Server VM (25.275-b01) for linux-amd64 JRE (1.8.0_275-8u275-b01-0ubuntu1~18.04-b01), built on Nov  9 2020 02:38:58 by "buildd" with gcc 7.5.0

time: Fri Feb 19 11:53:27 2021
timezone: IST
elapsed time: 415.722493 seconds (0d 0h 6m 55s)

